!SESSION 2019-02-25 12:49:14.266 -----------------------------------------------
eclipse.buildId=unknown
java.version=1.8.0_191
java.vendor=Oracle Corporation
BootLoader constants: OS=linux, ARCH=x86_64, WS=gtk, NL=en_US

!ENTRY org.eclipse.osgi 4 0 2019-02-25 12:49:14.304
!MESSAGE error loading hook: org.eclipse.virgo.kernel.equinox.extensions.hooks.ExtensionsHookConfigurator
!STACK 0
java.lang.ClassNotFoundException: org.eclipse.virgo.kernel.equinox.extensions.hooks.ExtensionsHookConfigurator
	at java.net.URLClassLoader.findClass(URLClassLoader.java:382)
	at java.lang.ClassLoader.loadClass(ClassLoader.java:424)
	at java.lang.ClassLoader.loadClass(ClassLoader.java:357)
	at java.lang.Class.forName0(Native Method)
	at java.lang.Class.forName(Class.java:264)
	at org.eclipse.osgi.internal.hookregistry.HookRegistry.loadConfigurators(HookRegistry.java:185)
	at org.eclipse.osgi.internal.hookregistry.HookRegistry.initialize(HookRegistry.java:106)
	at org.eclipse.osgi.internal.framework.EquinoxContainer.<init>(EquinoxContainer.java:73)
	at org.eclipse.osgi.launch.Equinox.<init>(Equinox.java:31)
	at org.eclipse.osgi.launch.EquinoxFactory.newFramework(EquinoxFactory.java:24)
	at org.apache.karaf.main.Main.launch(Main.java:253)
	at org.apache.karaf.main.Main.main(Main.java:176)
